# JRE version: OpenJDK Runtime Environment Temurin-21.0.7+6 (21.0.7+6) (build 21.0.7+6-LTS)
# Java VM: OpenJDK 64-Bit Server VM Temurin-21.0.7+6 (21.0.7+6-LTS, mixed mode, sharing, tiered, compressed oops, compressed class ptrs, parallel gc, windows-amd64)
GC Precious Log:
 CardTable entry size: 512
 CPUs: 8 total, 8 available
 Memory: 16048M
 Large Page Support: Disabled
 NUMA Support: Disabled
 Compressed Oops: Enabled (32-bit)
 Alignments: Space 512K, Generation 512K, Heap 2M
 Heap Min Capacity: 100M
 Heap Initial Capacity: 100M
 Heap Max Capacity: 2G
 Pre-touch: Disabled
 Parallel Workers: 8
Heap:
 PSYoungGen      total 2560K, used 1589K [0x00000000d5580000, 0x00000000d5d00000, 0x0000000100000000)
  eden space 2048K, 58% used [0x00000000d5580000,0x00000000d56ad700,0x00000000d5780000)
  from space 512K, 75% used [0x00000000d5c80000,0x00000000d5ce0000,0x00000000d5d00000)
  to   space 512K, 0% used [0x00000000d5c00000,0x00000000d5c00000,0x00000000d5c80000)
 ParOldGen       total 262144K, used 107021K [0x0000000080000000, 0x0000000090000000, 0x00000000d5580000)
  object space 262144K, 40% used [0x0000000080000000,0x00000000868835b0,0x0000000090000000)
 Metaspace       used 60933K, committed 62336K, reserved 1114112K
  class space    used 5986K, committed 6656K, reserved 1048576K
GC Heap History (20 events):
Event: 99.357 GC heap before
{Heap before GC invocations=397 (full 3):
 PSYoungGen      total 3072K, used 2764K [0x00000000d5580000, 0x00000000d5980000, 0x0000000100000000)
  eden space 2048K, 100% used [0x00000000d5580000,0x00000000d5780000,0x00000000d5780000)
  from space 1024K, 69% used [0x00000000d5780000,0x00000000d5833158,0x00000000d5880000)
  to   space 1024K, 0% used [0x00000000d5880000,0x00000000d5880000,0x00000000d5980000)
 ParOldGen       total 262144K, used 99863K [0x0000000080000000, 0x0000000090000000, 0x00000000d5580000)
  object space 262144K, 38% used [0x0000000080000000,0x0000000086185ec0,0x0000000090000000)
 Metaspace       used 60812K, committed 62208K, reserved 1114112K
  class space    used 5981K, committed 6656K, reserved 1048576K
}
Event: 99.359 GC heap after
{Heap after GC invocations=397 (full 3):
 PSYoungGen      total 3072K, used 416K [0x00000000d5580000, 0x00000000d5980000, 0x0000000100000000)
  eden space 2048K, 0% used [0x00000000d5580000,0x00000000d5580000,0x00000000d5780000)
  from space 1024K, 40% used [0x00000000d5880000,0x00000000d58e8000,0x00000000d5980000)
  to   space 1024K, 0% used [0x00000000d5780000,0x00000000d5780000,0x00000000d5880000)
 ParOldGen       total 262144K, used 100367K [0x0000000080000000, 0x0000000090000000, 0x00000000d5580000)
  object space 262144K, 38% used [0x0000000080000000,0x0000000086203ee0,0x0000000090000000)
 Metaspace       used 60812K, committed 62208K, reserved 1114112K
  class space    used 5981K, committed 6656K, reserved 1048576K
}
Event: 99.792 GC heap before
{Heap before GC invocations=398 (full 3):
 PSYoungGen      total 3072K, used 2464K [0x00000000d5580000, 0x00000000d5980000, 0x0000000100000000)
  eden space 2048K, 100% used [0x00000000d5580000,0x00000000d5780000,0x00000000d5780000)
  from space 1024K, 40% used [0x00000000d5880000,0x00000000d58e8000,0x00000000d5980000)
  to   space 1024K, 0% used [0x00000000d5780000,0x00000000d5780000,0x00000000d5880000)
 ParOldGen       total 262144K, used 100367K [0x0000000080000000, 0x0000000090000000, 0x00000000d5580000)
  object space 262144K, 38% used [0x0000000080000000,0x0000000086203ee0,0x0000000090000000)
 Metaspace       used 60822K, committed 62272K, reserved 1114112K
  class space    used 5981K, committed 6656K, reserved 1048576K
}
Event: 99.794 GC heap after
{Heap after GC invocations=398 (full 3):
 PSYoungGen      total 3072K, used 553K [0x00000000d5580000, 0x00000000d5980000, 0x0000000100000000)
  eden space 2048K, 0% used [0x00000000d5580000,0x00000000d5580000,0x00000000d5780000)
  from space 1024K, 54% used [0x00000000d5780000,0x00000000d580a628,0x00000000d5880000)
  to   space 1024K, 0% used [0x00000000d5880000,0x00000000d5880000,0x00000000d5980000)
 ParOldGen       total 262144K, used 100591K [0x0000000080000000, 0x0000000090000000, 0x00000000d5580000)
  object space 262144K, 38% used [0x0000000080000000,0x000000008623bee0,0x0000000090000000)
 Metaspace       used 60822K, committed 62272K, reserved 1114112K
  class space    used 5981K, committed 6656K, reserved 1048576K
}
Event: 99.952 GC heap before
{Heap before GC invocations=399 (full 3):
 PSYoungGen      total 3072K, used 2601K [0x00000000d5580000, 0x00000000d5980000, 0x0000000100000000)
  eden space 2048K, 100% used [0x00000000d5580000,0x00000000d5780000,0x00000000d5780000)
  from space 1024K, 54% used [0x00000000d5780000,0x00000000d580a628,0x00000000d5880000)
  to   space 1024K, 0% used [0x00000000d5880000,0x00000000d5880000,0x00000000d5980000)
 ParOldGen       total 262144K, used 100591K [0x0000000080000000, 0x0000000090000000, 0x00000000d5580000)
  object space 262144K, 38% used [0x0000000080000000,0x000000008623bee0,0x0000000090000000)
 Metaspace       used 60829K, committed 62272K, reserved 1114112K
  class space    used 5981K, committed 6656K, reserved 1048576K
}
Event: 99.954 GC heap after
{Heap after GC invocations=399 (full 3):
 PSYoungGen      total 2560K, used 448K [0x00000000d5580000, 0x00000000d5900000, 0x0000000100000000)
  eden space 2048K, 0% used [0x00000000d5580000,0x00000000d5580000,0x00000000d5780000)
  from space 512K, 87% used [0x00000000d5880000,0x00000000d58f0000,0x00000000d5900000)
  to   space 512K, 0% used [0x00000000d5800000,0x00000000d5800000,0x00000000d5880000)
 ParOldGen       total 262144K, used 100887K [0x0000000080000000, 0x0000000090000000, 0x00000000d5580000)
  object space 262144K, 38% used [0x0000000080000000,0x0000000086285f00,0x0000000090000000)
 Metaspace       used 60829K, committed 62272K, reserved 1114112K
  class space    used 5981K, committed 6656K, reserved 1048576K
}
Event: 99.975 GC heap before
{Heap before GC invocations=400 (full 3):
 PSYoungGen      total 2560K, used 2496K [0x00000000d5580000, 0x00000000d5900000, 0x0000000100000000)
  eden space 2048K, 100% used [0x00000000d5580000,0x00000000d5780000,0x00000000d5780000)
  from space 512K, 87% used [0x00000000d5880000,0x00000000d58f0000,0x00000000d5900000)
  to   space 512K, 0% used [0x00000000d5800000,0x00000000d5800000,0x00000000d5880000)
 ParOldGen       total 262144K, used 100887K [0x0000000080000000, 0x0000000090000000, 0x00000000d5580000)
  object space 262144K, 38% used [0x0000000080000000,0x0000000086285f00,0x0000000090000000)
 Metaspace       used 60838K, committed 62272K, reserved 1114112K
  class space    used 5983K, committed 6656K, reserved 1048576K
}
Event: 99.977 GC heap after
{Heap after GC invocations=400 (full 3):
 PSYoungGen      total 2560K, used 352K [0x00000000d5580000, 0x00000000d5900000, 0x0000000100000000)
  eden space 2048K, 0% used [0x00000000d5580000,0x00000000d5580000,0x00000000d5780000)
  from space 512K, 68% used [0x00000000d5800000,0x00000000d5858000,0x00000000d5880000)
  to   space 512K, 0% used [0x00000000d5880000,0x00000000d5880000,0x00000000d5900000)
 ParOldGen       total 262144K, used 101207K [0x0000000080000000, 0x0000000090000000, 0x00000000d5580000)
  object space 262144K, 38% used [0x0000000080000000,0x00000000862d5f40,0x0000000090000000)
 Metaspace       used 60838K, committed 62272K, reserved 1114112K
  class space    used 5983K, committed 6656K, reserved 1048576K
}
Event: 100.322 GC heap before
{Heap before GC invocations=401 (full 3):
 PSYoungGen      total 2560K, used 2400K [0x00000000d5580000, 0x00000000d5900000, 0x0000000100000000)
  eden space 2048K, 100% used [0x00000000d5580000,0x00000000d5780000,0x00000000d5780000)
  from space 512K, 68% used [0x00000000d5800000,0x00000000d5858000,0x00000000d5880000)
  to   space 512K, 0% used [0x00000000d5880000,0x00000000d5880000,0x00000000d5900000)
 ParOldGen       total 262144K, used 101207K [0x0000000080000000, 0x0000000090000000, 0x00000000d5580000)
  object space 262144K, 38% used [0x0000000080000000,0x00000000862d5f40,0x0000000090000000)
 Metaspace       used 60849K, committed 62272K, reserved 1114112K
  class space    used 5984K, committed 6656K, reserved 1048576K
}
Event: 100.326 GC heap after
{Heap after GC invocations=401 (full 3):
 PSYoungGen      total 2560K, used 384K [0x00000000d5580000, 0x00000000d5900000, 0x0000000100000000)
  eden space 2048K, 0% used [0x00000000d5580000,0x00000000d5580000,0x00000000d5780000)
  from space 512K, 75% used [0x00000000d5880000,0x00000000d58e0000,0x00000000d5900000)
  to   space 512K, 0% used [0x00000000d5800000,0x00000000d5800000,0x00000000d5880000)
 ParOldGen       total 262144K, used 101407K [0x0000000080000000, 0x0000000090000000, 0x00000000d5580000)
  object space 262144K, 38% used [0x0000000080000000,0x0000000086307f40,0x0000000090000000)
 Metaspace       used 60849K, committed 62272K, reserved 1114112K
  class space    used 5984K, committed 6656K, reserved 1048576K
}
Event: 100.536 GC heap before
{Heap before GC invocations=402 (full 3):
 PSYoungGen      total 2560K, used 2432K [0x00000000d5580000, 0x00000000d5900000, 0x0000000100000000)
  eden space 2048K, 100% used [0x00000000d5580000,0x00000000d5780000,0x00000000d5780000)
  from space 512K, 75% used [0x00000000d5880000,0x00000000d58e0000,0x00000000d5900000)
  to   space 512K, 0% used [0x00000000d5800000,0x00000000d5800000,0x00000000d5880000)
 ParOldGen       total 262144K, used 101407K [0x0000000080000000, 0x0000000090000000, 0x00000000d5580000)
  object space 262144K, 38% used [0x0000000080000000,0x0000000086307f40,0x0000000090000000)
 Metaspace       used 60859K, committed 62272K, reserved 1114112K
  class space    used 5984K, committed 6656K, reserved 1048576K
}
Event: 100.538 GC heap after
{Heap after GC invocations=402 (full 3):
 PSYoungGen      total 2560K, used 496K [0x00000000d5580000, 0x00000000d5980000, 0x0000000100000000)
  eden space 2048K, 0% used [0x00000000d5580000,0x00000000d5580000,0x00000000d5780000)
  from space 512K, 96% used [0x00000000d5800000,0x00000000d587c010,0x00000000d5880000)
  to   space 1024K, 0% used [0x00000000d5880000,0x00000000d5880000,0x00000000d5980000)
 ParOldGen       total 262144K, used 101663K [0x0000000080000000, 0x0000000090000000, 0x00000000d5580000)
  object space 262144K, 38% used [0x0000000080000000,0x0000000086347f40,0x0000000090000000)
 Metaspace       used 60859K, committed 62272K, reserved 1114112K
  class space    used 5984K, committed 6656K, reserved 1048576K
}
Event: 100.874 GC heap before
{Heap before GC invocations=403 (full 3):
 PSYoungGen      total 2560K, used 2544K [0x00000000d5580000, 0x00000000d5980000, 0x0000000100000000)
  eden space 2048K, 100% used [0x00000000d5580000,0x00000000d5780000,0x00000000d5780000)
  from space 512K, 96% used [0x00000000d5800000,0x00000000d587c010,0x00000000d5880000)
  to   space 1024K, 0% used [0x00000000d5880000,0x00000000d5880000,0x00000000d5980000)
 ParOldGen       total 262144K, used 101663K [0x0000000080000000, 0x0000000090000000, 0x00000000d5580000)
  object space 262144K, 38% used [0x0000000080000000,0x0000000086347f40,0x0000000090000000)
 Metaspace       used 60889K, committed 62336K, reserved 1114112K
  class space    used 5986K, committed 6656K, reserved 1048576K
}
Event: 100.876 GC heap after
{Heap after GC invocations=403 (full 3):
 PSYoungGen      total 3072K, used 631K [0x00000000d5580000, 0x00000000d5980000, 0x0000000100000000)
  eden space 2048K, 0% used [0x00000000d5580000,0x00000000d5580000,0x00000000d5780000)
  from space 1024K, 61% used [0x00000000d5880000,0x00000000d591dd38,0x00000000d5980000)
  to   space 1024K, 0% used [0x00000000d5780000,0x00000000d5780000,0x00000000d5880000)
 ParOldGen       total 262144K, used 102031K [0x0000000080000000, 0x0000000090000000, 0x00000000d5580000)
  object space 262144K, 38% used [0x0000000080000000,0x00000000863a3f60,0x0000000090000000)
 Metaspace       used 60889K, committed 62336K, reserved 1114112K
  class space    used 5986K, committed 6656K, reserved 1048576K
}
Event: 100.984 GC heap before
{Heap before GC invocations=404 (full 3):
 PSYoungGen      total 3072K, used 2679K [0x00000000d5580000, 0x00000000d5980000, 0x0000000100000000)
  eden space 2048K, 100% used [0x00000000d5580000,0x00000000d5780000,0x00000000d5780000)
  from space 1024K, 61% used [0x00000000d5880000,0x00000000d591dd38,0x00000000d5980000)
  to   space 1024K, 0% used [0x00000000d5780000,0x00000000d5780000,0x00000000d5880000)
 ParOldGen       total 262144K, used 102031K [0x0000000080000000, 0x0000000090000000, 0x00000000d5580000)
  object space 262144K, 38% used [0x0000000080000000,0x00000000863a3f60,0x0000000090000000)
 Metaspace       used 60912K, committed 62336K, reserved 1114112K
  class space    used 5986K, committed 6656K, reserved 1048576K
}
Event: 100.986 GC heap after
{Heap after GC invocations=404 (full 3):
 PSYoungGen      total 3072K, used 1014K [0x00000000d5580000, 0x00000000d6280000, 0x0000000100000000)
  eden space 2048K, 0% used [0x00000000d5580000,0x00000000d5580000,0x00000000d5780000)
  from space 1024K, 99% used [0x00000000d5780000,0x00000000d587d8c8,0x00000000d5880000)
  to   space 5632K, 0% used [0x00000000d5d00000,0x00000000d5d00000,0x00000000d6280000)
 ParOldGen       total 262144K, used 105647K [0x0000000080000000, 0x0000000090000000, 0x00000000d5580000)
  object space 262144K, 40% used [0x0000000080000000,0x000000008672bcc8,0x0000000090000000)
 Metaspace       used 60912K, committed 62336K, reserved 1114112K
  class space    used 5986K, committed 6656K, reserved 1048576K
}
Event: 101.128 GC heap before
{Heap before GC invocations=405 (full 3):
 PSYoungGen      total 3072K, used 3056K [0x00000000d5580000, 0x00000000d6280000, 0x0000000100000000)
  eden space 2048K, 99% used [0x00000000d5580000,0x00000000d577e9d0,0x00000000d5780000)
  from space 1024K, 99% used [0x00000000d5780000,0x00000000d587d8c8,0x00000000d5880000)
  to   space 5632K, 0% used [0x00000000d5d00000,0x00000000d5d00000,0x00000000d6280000)
 ParOldGen       total 262144K, used 105647K [0x0000000080000000, 0x0000000090000000, 0x00000000d5580000)
  object space 262144K, 40% used [0x0000000080000000,0x000000008672bcc8,0x0000000090000000)
 Metaspace       used 60914K, committed 62336K, reserved 1114112K
  class space    used 5986K, committed 6656K, reserved 1048576K
}
Event: 101.129 GC heap after
{Heap after GC invocations=405 (full 3):
 PSYoungGen      total 2560K, used 496K [0x00000000d5580000, 0x00000000d5d80000, 0x0000000100000000)
  eden space 2048K, 0% used [0x00000000d5580000,0x00000000d5580000,0x00000000d5780000)
  from space 512K, 96% used [0x00000000d5d00000,0x00000000d5d7c010,0x00000000d5d80000)
  to   space 2048K, 0% used [0x00000000d5980000,0x00000000d5980000,0x00000000d5b80000)
 ParOldGen       total 262144K, used 106405K [0x0000000080000000, 0x0000000090000000, 0x00000000d5580000)
  object space 262144K, 40% used [0x0000000080000000,0x00000000867e9590,0x0000000090000000)
 Metaspace       used 60914K, committed 62336K, reserved 1114112K
  class space    used 5986K, committed 6656K, reserved 1048576K
}
Event: 101.287 GC heap before
{Heap before GC invocations=406 (full 3):
 PSYoungGen      total 2560K, used 2544K [0x00000000d5580000, 0x00000000d5d80000, 0x0000000100000000)
  eden space 2048K, 100% used [0x00000000d5580000,0x00000000d5780000,0x00000000d5780000)
  from space 512K, 96% used [0x00000000d5d00000,0x00000000d5d7c010,0x00000000d5d80000)
  to   space 2048K, 0% used [0x00000000d5980000,0x00000000d5980000,0x00000000d5b80000)
 ParOldGen       total 262144K, used 106405K [0x0000000080000000, 0x0000000090000000, 0x00000000d5580000)
  object space 262144K, 40% used [0x0000000080000000,0x00000000867e9590,0x0000000090000000)
 Metaspace       used 60927K, committed 62336K, reserved 1114112K
  class space    used 5986K, committed 6656K, reserved 1048576K
}
Event: 101.289 GC heap after
{Heap after GC invocations=406 (full 3):
 PSYoungGen      total 4096K, used 416K [0x00000000d5580000, 0x00000000d5d80000, 0x0000000100000000)
  eden space 2048K, 0% used [0x00000000d5580000,0x00000000d5580000,0x00000000d5780000)
  from space 2048K, 20% used [0x00000000d5980000,0x00000000d59e8000,0x00000000d5b80000)
  to   space 1024K, 0% used [0x00000000d5c80000,0x00000000d5c80000,0x00000000d5d80000)
 ParOldGen       total 262144K, used 106765K [0x0000000080000000, 0x0000000090000000, 0x00000000d5580000)
  object space 262144K, 40% used [0x0000000080000000,0x0000000086843590,0x0000000090000000)
 Metaspace       used 60927K, committed 62336K, reserved 1114112K
  class space    used 5986K, committed 6656K, reserved 1048576K
}

