# JRE version: OpenJDK Runtime Environment Temurin-21.0.8+9 (21.0.8+9) (build 21.0.8+9-LTS)
# Java VM: OpenJDK 64-Bit Server VM Temurin-21.0.8+9 (21.0.8+9-LTS, mixed mode, sharing, tiered, compressed oops, compressed class ptrs, parallel gc, windows-amd64)
GC Precious Log:
 CardTable entry size: 512
 CPUs: 8 total, 8 available
 Memory: 16048M
 Large Page Support: Disabled
 NUMA Support: Disabled
 Compressed Oops: Enabled (32-bit)
 Alignments: Space 512K, Generation 512K, Heap 2M
 Heap Min Capacity: 100M
 Heap Initial Capacity: 100M
 Heap Max Capacity: 2G
 Pre-touch: Disabled
 Parallel Workers: 8
Heap:
 PSYoungGen      total 4608K, used 4183K [0x00000000d5580000, 0x00000000d5a80000, 0x0000000100000000)
  eden space 4096K, 95% used [0x00000000d5580000,0x00000000d5955d28,0x00000000d5980000)
  from space 512K, 50% used [0x00000000d5980000,0x00000000d59c0000,0x00000000d5a00000)
  to   space 512K, 0% used [0x00000000d5a00000,0x00000000d5a00000,0x00000000d5a80000)
 ParOldGen       total 130048K, used 99678K [0x0000000080000000, 0x0000000087f00000, 0x00000000d5580000)
  object space 130048K, 76% used [0x0000000080000000,0x00000000861578c8,0x0000000087f00000)
 Metaspace       used 56315K, committed 57600K, reserved 1114112K
  class space    used 5983K, committed 6528K, reserved 1048576K
GC Heap History (20 events):
Event: 62.760 GC heap before
{Heap before GC invocations=209 (full 2):
 PSYoungGen      total 2560K, used 2176K [0x00000000d5580000, 0x00000000d5a80000, 0x0000000100000000)
  eden space 2048K, 100% used [0x00000000d5580000,0x00000000d5780000,0x00000000d5780000)
  from space 512K, 25% used [0x00000000d5a00000,0x00000000d5a20000,0x00000000d5a80000)
  to   space 512K, 0% used [0x00000000d5980000,0x00000000d5980000,0x00000000d5a00000)
 ParOldGen       total 117760K, used 117689K [0x0000000080000000, 0x0000000087300000, 0x00000000d5580000)
  object space 117760K, 99% used [0x0000000080000000,0x00000000872ee670,0x0000000087300000)
 Metaspace       used 55916K, committed 57152K, reserved 1114112K
  class space    used 5953K, committed 6464K, reserved 1048576K
}
Event: 62.761 GC heap after
{Heap after GC invocations=209 (full 2):
 PSYoungGen      total 2560K, used 224K [0x00000000d5580000, 0x00000000d5a80000, 0x0000000100000000)
  eden space 2048K, 0% used [0x00000000d5580000,0x00000000d5580000,0x00000000d5780000)
  from space 512K, 43% used [0x00000000d5980000,0x00000000d59b8000,0x00000000d5a00000)
  to   space 512K, 0% used [0x00000000d5a00000,0x00000000d5a00000,0x00000000d5a80000)
 ParOldGen       total 118272K, used 117761K [0x0000000080000000, 0x0000000087380000, 0x00000000d5580000)
  object space 118272K, 99% used [0x0000000080000000,0x0000000087300670,0x0000000087380000)
 Metaspace       used 55916K, committed 57152K, reserved 1114112K
  class space    used 5953K, committed 6464K, reserved 1048576K
}
Event: 62.774 GC heap before
{Heap before GC invocations=210 (full 2):
 PSYoungGen      total 2560K, used 2272K [0x00000000d5580000, 0x00000000d5a80000, 0x0000000100000000)
  eden space 2048K, 100% used [0x00000000d5580000,0x00000000d5780000,0x00000000d5780000)
  from space 512K, 43% used [0x00000000d5980000,0x00000000d59b8000,0x00000000d5a00000)
  to   space 512K, 0% used [0x00000000d5a00000,0x00000000d5a00000,0x00000000d5a80000)
 ParOldGen       total 118272K, used 117761K [0x0000000080000000, 0x0000000087380000, 0x00000000d5580000)
  object space 118272K, 99% used [0x0000000080000000,0x0000000087300670,0x0000000087380000)
 Metaspace       used 55916K, committed 57152K, reserved 1114112K
  class space    used 5953K, committed 6464K, reserved 1048576K
}
Event: 62.775 GC heap after
{Heap after GC invocations=210 (full 2):
 PSYoungGen      total 2560K, used 422K [0x00000000d5580000, 0x00000000d5a80000, 0x0000000100000000)
  eden space 2048K, 0% used [0x00000000d5580000,0x00000000d5580000,0x00000000d5780000)
  from space 512K, 82% used [0x00000000d5a00000,0x00000000d5a69b48,0x00000000d5a80000)
  to   space 512K, 0% used [0x00000000d5980000,0x00000000d5980000,0x00000000d5a00000)
 ParOldGen       total 118272K, used 117801K [0x0000000080000000, 0x0000000087380000, 0x00000000d5580000)
  object space 118272K, 99% used [0x0000000080000000,0x000000008730a670,0x0000000087380000)
 Metaspace       used 55916K, committed 57152K, reserved 1114112K
  class space    used 5953K, committed 6464K, reserved 1048576K
}
Event: 62.780 GC heap before
{Heap before GC invocations=211 (full 2):
 PSYoungGen      total 2560K, used 2470K [0x00000000d5580000, 0x00000000d5a80000, 0x0000000100000000)
  eden space 2048K, 100% used [0x00000000d5580000,0x00000000d5780000,0x00000000d5780000)
  from space 512K, 82% used [0x00000000d5a00000,0x00000000d5a69b48,0x00000000d5a80000)
  to   space 512K, 0% used [0x00000000d5980000,0x00000000d5980000,0x00000000d5a00000)
 ParOldGen       total 118272K, used 117801K [0x0000000080000000, 0x0000000087380000, 0x00000000d5580000)
  object space 118272K, 99% used [0x0000000080000000,0x000000008730a670,0x0000000087380000)
 Metaspace       used 55916K, committed 57152K, reserved 1114112K
  class space    used 5953K, committed 6464K, reserved 1048576K
}
Event: 62.781 GC heap after
{Heap after GC invocations=211 (full 2):
 PSYoungGen      total 2560K, used 224K [0x00000000d5580000, 0x00000000d5a80000, 0x0000000100000000)
  eden space 2048K, 0% used [0x00000000d5580000,0x00000000d5580000,0x00000000d5780000)
  from space 512K, 43% used [0x00000000d5980000,0x00000000d59b8000,0x00000000d5a00000)
  to   space 512K, 0% used [0x00000000d5a00000,0x00000000d5a00000,0x00000000d5a80000)
 ParOldGen       total 118272K, used 118088K [0x0000000080000000, 0x0000000087380000, 0x00000000d5580000)
  object space 118272K, 99% used [0x0000000080000000,0x0000000087352200,0x0000000087380000)
 Metaspace       used 55916K, committed 57152K, reserved 1114112K
  class space    used 5953K, committed 6464K, reserved 1048576K
}
Event: 62.785 GC heap before
{Heap before GC invocations=212 (full 2):
 PSYoungGen      total 2560K, used 2272K [0x00000000d5580000, 0x00000000d5a80000, 0x0000000100000000)
  eden space 2048K, 100% used [0x00000000d5580000,0x00000000d5780000,0x00000000d5780000)
  from space 512K, 43% used [0x00000000d5980000,0x00000000d59b8000,0x00000000d5a00000)
  to   space 512K, 0% used [0x00000000d5a00000,0x00000000d5a00000,0x00000000d5a80000)
 ParOldGen       total 118272K, used 118088K [0x0000000080000000, 0x0000000087380000, 0x00000000d5580000)
  object space 118272K, 99% used [0x0000000080000000,0x0000000087352200,0x0000000087380000)
 Metaspace       used 55916K, committed 57152K, reserved 1114112K
  class space    used 5953K, committed 6464K, reserved 1048576K
}
Event: 62.786 GC heap after
{Heap after GC invocations=212 (full 2):
 PSYoungGen      total 2560K, used 224K [0x00000000d5580000, 0x00000000d5a80000, 0x0000000100000000)
  eden space 2048K, 0% used [0x00000000d5580000,0x00000000d5580000,0x00000000d5780000)
  from space 512K, 43% used [0x00000000d5a00000,0x00000000d5a38000,0x00000000d5a80000)
  to   space 512K, 0% used [0x00000000d5980000,0x00000000d5980000,0x00000000d5a00000)
 ParOldGen       total 118272K, used 118168K [0x0000000080000000, 0x0000000087380000, 0x00000000d5580000)
  object space 118272K, 99% used [0x0000000080000000,0x0000000087366200,0x0000000087380000)
 Metaspace       used 55916K, committed 57152K, reserved 1114112K
  class space    used 5953K, committed 6464K, reserved 1048576K
}
Event: 62.791 GC heap before
{Heap before GC invocations=213 (full 2):
 PSYoungGen      total 2560K, used 2203K [0x00000000d5580000, 0x00000000d5a80000, 0x0000000100000000)
  eden space 2048K, 96% used [0x00000000d5580000,0x00000000d576ed60,0x00000000d5780000)
  from space 512K, 43% used [0x00000000d5a00000,0x00000000d5a38000,0x00000000d5a80000)
  to   space 512K, 0% used [0x00000000d5980000,0x00000000d5980000,0x00000000d5a00000)
 ParOldGen       total 118272K, used 118168K [0x0000000080000000, 0x0000000087380000, 0x00000000d5580000)
  object space 118272K, 99% used [0x0000000080000000,0x0000000087366200,0x0000000087380000)
 Metaspace       used 55916K, committed 57152K, reserved 1114112K
  class space    used 5953K, committed 6464K, reserved 1048576K
}
Event: 62.792 GC heap after
{Heap after GC invocations=213 (full 2):
 PSYoungGen      total 2560K, used 224K [0x00000000d5580000, 0x00000000d5a80000, 0x0000000100000000)
  eden space 2048K, 0% used [0x00000000d5580000,0x00000000d5580000,0x00000000d5780000)
  from space 512K, 43% used [0x00000000d5980000,0x00000000d59b8000,0x00000000d5a00000)
  to   space 512K, 0% used [0x00000000d5a00000,0x00000000d5a00000,0x00000000d5a80000)
 ParOldGen       total 118272K, used 118232K [0x0000000080000000, 0x0000000087380000, 0x00000000d5580000)
  object space 118272K, 99% used [0x0000000080000000,0x0000000087376200,0x0000000087380000)
 Metaspace       used 55916K, committed 57152K, reserved 1114112K
  class space    used 5953K, committed 6464K, reserved 1048576K
}
Event: 62.804 GC heap before
{Heap before GC invocations=214 (full 2):
 PSYoungGen      total 2560K, used 2272K [0x00000000d5580000, 0x00000000d5a80000, 0x0000000100000000)
  eden space 2048K, 100% used [0x00000000d5580000,0x00000000d5780000,0x00000000d5780000)
  from space 512K, 43% used [0x00000000d5980000,0x00000000d59b8000,0x00000000d5a00000)
  to   space 512K, 0% used [0x00000000d5a00000,0x00000000d5a00000,0x00000000d5a80000)
 ParOldGen       total 118272K, used 118232K [0x0000000080000000, 0x0000000087380000, 0x00000000d5580000)
  object space 118272K, 99% used [0x0000000080000000,0x0000000087376200,0x0000000087380000)
 Metaspace       used 55916K, committed 57152K, reserved 1114112K
  class space    used 5953K, committed 6464K, reserved 1048576K
}
Event: 62.806 GC heap after
{Heap after GC invocations=214 (full 2):
 PSYoungGen      total 2560K, used 2272K [0x00000000d5580000, 0x00000000d5a80000, 0x0000000100000000)
  eden space 2048K, 100% used [0x00000000d5580000,0x00000000d5780000,0x00000000d5780000)
  from space 512K, 43% used [0x00000000d5980000,0x00000000d59b8000,0x00000000d5a00000)
  to   space 512K, 60% used [0x00000000d5a00000,0x00000000d5a4cec0,0x00000000d5a80000)
 ParOldGen       total 118784K, used 118304K [0x0000000080000000, 0x0000000087400000, 0x00000000d5580000)
  object space 118784K, 99% used [0x0000000080000000,0x0000000087388200,0x0000000087400000)
 Metaspace       used 55916K, committed 57152K, reserved 1114112K
  class space    used 5953K, committed 6464K, reserved 1048576K
}
Event: 62.806 GC heap before
{Heap before GC invocations=215 (full 3):
 PSYoungGen      total 2560K, used 2272K [0x00000000d5580000, 0x00000000d5a80000, 0x0000000100000000)
  eden space 2048K, 100% used [0x00000000d5580000,0x00000000d5780000,0x00000000d5780000)
  from space 512K, 43% used [0x00000000d5980000,0x00000000d59b8000,0x00000000d5a00000)
  to   space 512K, 60% used [0x00000000d5a00000,0x00000000d5a4cec0,0x00000000d5a80000)
 ParOldGen       total 118784K, used 118304K [0x0000000080000000, 0x0000000087400000, 0x00000000d5580000)
  object space 118784K, 99% used [0x0000000080000000,0x0000000087388200,0x0000000087400000)
 Metaspace       used 55916K, committed 57152K, reserved 1114112K
  class space    used 5953K, committed 6464K, reserved 1048576K
}
Event: 64.020 GC heap after
{Heap after GC invocations=215 (full 3):
 PSYoungGen      total 3072K, used 0K [0x00000000d5580000, 0x00000000d5a80000, 0x0000000100000000)
  eden space 2560K, 0% used [0x00000000d5580000,0x00000000d5580000,0x00000000d5800000)
  from space 512K, 0% used [0x00000000d5a00000,0x00000000d5a00000,0x00000000d5a80000)
  to   space 512K, 0% used [0x00000000d5980000,0x00000000d5980000,0x00000000d5a00000)
 ParOldGen       total 130048K, used 96862K [0x0000000080000000, 0x0000000087f00000, 0x00000000d5580000)
  object space 130048K, 74% used [0x0000000080000000,0x0000000085e979e8,0x0000000087f00000)
 Metaspace       used 55916K, committed 57152K, reserved 1114112K
  class space    used 5953K, committed 6464K, reserved 1048576K
}
Event: 64.072 GC heap before
{Heap before GC invocations=216 (full 3):
 PSYoungGen      total 3072K, used 2560K [0x00000000d5580000, 0x00000000d5a80000, 0x0000000100000000)
  eden space 2560K, 100% used [0x00000000d5580000,0x00000000d5800000,0x00000000d5800000)
  from space 512K, 0% used [0x00000000d5a00000,0x00000000d5a00000,0x00000000d5a80000)
  to   space 512K, 0% used [0x00000000d5980000,0x00000000d5980000,0x00000000d5a00000)
 ParOldGen       total 130048K, used 96862K [0x0000000080000000, 0x0000000087f00000, 0x00000000d5580000)
  object space 130048K, 74% used [0x0000000080000000,0x0000000085e979e8,0x0000000087f00000)
 Metaspace       used 55942K, committed 57280K, reserved 1114112K
  class space    used 5959K, committed 6528K, reserved 1048576K
}
Event: 64.074 GC heap after
{Heap after GC invocations=216 (full 3):
 PSYoungGen      total 3072K, used 326K [0x00000000d5580000, 0x00000000d5a80000, 0x0000000100000000)
  eden space 2560K, 0% used [0x00000000d5580000,0x00000000d5580000,0x00000000d5800000)
  from space 512K, 63% used [0x00000000d5980000,0x00000000d59d19a8,0x00000000d5a00000)
  to   space 512K, 0% used [0x00000000d5a00000,0x00000000d5a00000,0x00000000d5a80000)
 ParOldGen       total 130048K, used 96862K [0x0000000080000000, 0x0000000087f00000, 0x00000000d5580000)
  object space 130048K, 74% used [0x0000000080000000,0x0000000085e979e8,0x0000000087f00000)
 Metaspace       used 55942K, committed 57280K, reserved 1114112K
  class space    used 5959K, committed 6528K, reserved 1048576K
}
Event: 64.104 GC heap before
{Heap before GC invocations=217 (full 3):
 PSYoungGen      total 3072K, used 2855K [0x00000000d5580000, 0x00000000d5a80000, 0x0000000100000000)
  eden space 2560K, 98% used [0x00000000d5580000,0x00000000d57f8488,0x00000000d5800000)
  from space 512K, 63% used [0x00000000d5980000,0x00000000d59d19a8,0x00000000d5a00000)
  to   space 512K, 0% used [0x00000000d5a00000,0x00000000d5a00000,0x00000000d5a80000)
 ParOldGen       total 130048K, used 96862K [0x0000000080000000, 0x0000000087f00000, 0x00000000d5580000)
  object space 130048K, 74% used [0x0000000080000000,0x0000000085e979e8,0x0000000087f00000)
 Metaspace       used 56083K, committed 57408K, reserved 1114112K
  class space    used 5966K, committed 6528K, reserved 1048576K
}
Event: 64.106 GC heap after
{Heap after GC invocations=217 (full 3):
 PSYoungGen      total 3072K, used 301K [0x00000000d5580000, 0x00000000d5a80000, 0x0000000100000000)
  eden space 2560K, 0% used [0x00000000d5580000,0x00000000d5580000,0x00000000d5800000)
  from space 512K, 58% used [0x00000000d5a00000,0x00000000d5a4b528,0x00000000d5a80000)
  to   space 512K, 0% used [0x00000000d5980000,0x00000000d5980000,0x00000000d5a00000)
 ParOldGen       total 130048K, used 97012K [0x0000000080000000, 0x0000000087f00000, 0x00000000d5580000)
  object space 130048K, 74% used [0x0000000080000000,0x0000000085ebd390,0x0000000087f00000)
 Metaspace       used 56083K, committed 57408K, reserved 1114112K
  class space    used 5966K, committed 6528K, reserved 1048576K
}
Event: 64.160 GC heap before
{Heap before GC invocations=218 (full 3):
 PSYoungGen      total 3072K, used 2861K [0x00000000d5580000, 0x00000000d5a80000, 0x0000000100000000)
  eden space 2560K, 100% used [0x00000000d5580000,0x00000000d5800000,0x00000000d5800000)
  from space 512K, 58% used [0x00000000d5a00000,0x00000000d5a4b528,0x00000000d5a80000)
  to   space 512K, 0% used [0x00000000d5980000,0x00000000d5980000,0x00000000d5a00000)
 ParOldGen       total 130048K, used 97012K [0x0000000080000000, 0x0000000087f00000, 0x00000000d5580000)
  object space 130048K, 74% used [0x0000000080000000,0x0000000085ebd390,0x0000000087f00000)
 Metaspace       used 56243K, committed 57536K, reserved 1114112K
  class space    used 5979K, committed 6528K, reserved 1048576K
}
Event: 64.162 GC heap after
{Heap after GC invocations=218 (full 3):
 PSYoungGen      total 3072K, used 279K [0x00000000d5580000, 0x00000000d5a80000, 0x0000000100000000)
  eden space 2560K, 0% used [0x00000000d5580000,0x00000000d5580000,0x00000000d5800000)
  from space 512K, 54% used [0x00000000d5980000,0x00000000d59c5df8,0x00000000d5a00000)
  to   space 512K, 0% used [0x00000000d5a00000,0x00000000d5a00000,0x00000000d5a80000)
 ParOldGen       total 130048K, used 97060K [0x0000000080000000, 0x0000000087f00000, 0x00000000d5580000)
  object space 130048K, 74% used [0x0000000080000000,0x0000000085ec9390,0x0000000087f00000)
 Metaspace       used 56243K, committed 57536K, reserved 1114112K
  class space    used 5979K, committed 6528K, reserved 1048576K
}

