# JRE version: Java(TM) SE Runtime Environment (8.0_191-b12) (build 1.8.0_191-b12)
# Java VM: Java HotSpot(TM) 64-Bit Server VM (25.191-b12 mixed mode windows-amd64 compressed oops)
Heap:
 PSYoungGen      total 624128K, used 172163K [0x000000076c600000, 0x0000000799a00000, 0x00000007c0000000)
  eden space 590848K, 24% used [0x000000076c600000,0x00000007754c2108,0x0000000790700000)
  from space 33280K, 78% used [0x0000000790700000,0x000000079205eb50,0x0000000792780000)
  to   space 35840K, 0% used [0x0000000797700000,0x0000000797700000,0x0000000799a00000)
 ParOldGen       total 323584K, used 75228K [0x00000006c5200000, 0x00000006d8e00000, 0x000000076c600000)
  object space 323584K, 23% used [0x00000006c5200000,0x00000006c9b77168,0x00000006d8e00000)
 Metaspace       used 106133K, capacity 110149K, committed 110360K, reserved 1146880K
  class space    used 12071K, capacity 12810K, committed 12840K, reserved 1048576K
GC Heap History (10 events):
Event: 136.397 GC heap before
{Heap before GC invocations=19 (full 3):
 PSYoungGen      total 504832K, used 485557K [0x000000076c600000, 0x000000078fb00000, 0x00000007c0000000)
  eden space 479744K, 100% used [0x000000076c600000,0x0000000789a80000,0x0000000789a80000)
  from space 25088K, 23% used [0x0000000789a80000,0x000000078a02d658,0x000000078b300000)
  to   space 24576K, 0% used [0x000000078e300000,0x000000078e300000,0x000000078fb00000)
 ParOldGen       total 203264K, used 42568K [0x00000006c5200000, 0x00000006d1880000, 0x000000076c600000)
  object space 203264K, 20% used [0x00000006c5200000,0x00000006c7b923c0,0x00000006d1880000)
 Metaspace       used 79680K, capacity 82634K, committed 82968K, reserved 1122304K
  class space    used 9642K, capacity 10165K, committed 10280K, reserved 1048576K
Event: 136.428 GC heap after
Heap after GC invocations=19 (full 3):
 PSYoungGen      total 552960K, used 16365K [0x000000076c600000, 0x0000000791580000, 0x00000007c0000000)
  eden space 528384K, 0% used [0x000000076c600000,0x000000076c600000,0x000000078ca00000)
  from space 24576K, 66% used [0x000000078e300000,0x000000078f2fb5a0,0x000000078fb00000)
  to   space 25600K, 0% used [0x000000078ca00000,0x000000078ca00000,0x000000078e300000)
 ParOldGen       total 203264K, used 42576K [0x00000006c5200000, 0x00000006d1880000, 0x000000076c600000)
  object space 203264K, 20% used [0x00000006c5200000,0x00000006c7b943c0,0x00000006d1880000)
 Metaspace       used 79680K, capacity 82634K, committed 82968K, reserved 1122304K
  class space    used 9642K, capacity 10165K, committed 10280K, reserved 1048576K
}
Event: 164.229 GC heap before
{Heap before GC invocations=20 (full 3):
 PSYoungGen      total 552960K, used 544749K [0x000000076c600000, 0x0000000791580000, 0x00000007c0000000)
  eden space 528384K, 100% used [0x000000076c600000,0x000000078ca00000,0x000000078ca00000)
  from space 24576K, 66% used [0x000000078e300000,0x000000078f2fb5a0,0x000000078fb00000)
  to   space 25600K, 0% used [0x000000078ca00000,0x000000078ca00000,0x000000078e300000)
 ParOldGen       total 203264K, used 42576K [0x00000006c5200000, 0x00000006d1880000, 0x000000076c600000)
  object space 203264K, 20% used [0x00000006c5200000,0x00000006c7b943c0,0x00000006d1880000)
 Metaspace       used 87227K, capacity 90378K, committed 90648K, reserved 1128448K
  class space    used 10119K, capacity 10711K, committed 10792K, reserved 1048576K
Event: 164.501 GC heap after
Heap after GC invocations=20 (full 3):
 PSYoungGen      total 553984K, used 25584K [0x000000076c600000, 0x0000000794680000, 0x00000007c0000000)
  eden space 528384K, 0% used [0x000000076c600000,0x000000076c600000,0x000000078ca00000)
  from space 25600K, 99% used [0x000000078ca00000,0x000000078e2fc130,0x000000078e300000)
  to   space 31232K, 0% used [0x0000000792800000,0x0000000792800000,0x0000000794680000)
 ParOldGen       total 203264K, used 47919K [0x00000006c5200000, 0x00000006d1880000, 0x000000076c600000)
  object space 203264K, 23% used [0x00000006c5200000,0x00000006c80cbe60,0x00000006d1880000)
 Metaspace       used 87227K, capacity 90378K, committed 90648K, reserved 1128448K
  class space    used 10119K, capacity 10711K, committed 10792K, reserved 1048576K
}
Event: 180.349 GC heap before
{Heap before GC invocations=21 (full 3):
 PSYoungGen      total 553984K, used 289955K [0x000000076c600000, 0x0000000794680000, 0x00000007c0000000)
  eden space 528384K, 50% used [0x000000076c600000,0x000000077c82cca0,0x000000078ca00000)
  from space 25600K, 99% used [0x000000078ca00000,0x000000078e2fc130,0x000000078e300000)
  to   space 31232K, 0% used [0x0000000792800000,0x0000000792800000,0x0000000794680000)
 ParOldGen       total 203264K, used 47919K [0x00000006c5200000, 0x00000006d1880000, 0x000000076c600000)
  object space 203264K, 23% used [0x00000006c5200000,0x00000006c80cbe60,0x00000006d1880000)
 Metaspace       used 95007K, capacity 98291K, committed 98600K, reserved 1136640K
  class space    used 10830K, capacity 11418K, committed 11432K, reserved 1048576K
Event: 180.422 GC heap after
Heap after GC invocations=21 (full 3):
 PSYoungGen      total 622080K, used 23315K [0x000000076c600000, 0x0000000794800000, 0x00000007c0000000)
  eden space 590848K, 0% used [0x000000076c600000,0x000000076c600000,0x0000000790700000)
  from space 31232K, 74% used [0x0000000792800000,0x0000000793ec4f20,0x0000000794680000)
  to   space 33280K, 0% used [0x0000000790700000,0x0000000790700000,0x0000000792780000)
 ParOldGen       total 203264K, used 60663K [0x00000006c5200000, 0x00000006d1880000, 0x000000076c600000)
  object space 203264K, 29% used [0x00000006c5200000,0x00000006c8d3df70,0x00000006d1880000)
 Metaspace       used 95007K, capacity 98291K, committed 98600K, reserved 1136640K
  class space    used 10830K, capacity 11418K, committed 11432K, reserved 1048576K
}
Event: 180.423 GC heap before
{Heap before GC invocations=22 (full 4):
 PSYoungGen      total 622080K, used 23315K [0x000000076c600000, 0x0000000794800000, 0x00000007c0000000)
  eden space 590848K, 0% used [0x000000076c600000,0x000000076c600000,0x0000000790700000)
  from space 31232K, 74% used [0x0000000792800000,0x0000000793ec4f20,0x0000000794680000)
  to   space 33280K, 0% used [0x0000000790700000,0x0000000790700000,0x0000000792780000)
 ParOldGen       total 203264K, used 60663K [0x00000006c5200000, 0x00000006d1880000, 0x000000076c600000)
  object space 203264K, 29% used [0x00000006c5200000,0x00000006c8d3df70,0x00000006d1880000)
 Metaspace       used 95007K, capacity 98291K, committed 98600K, reserved 1136640K
  class space    used 10830K, capacity 11418K, committed 11432K, reserved 1048576K
Event: 181.260 GC heap after
Heap after GC invocations=22 (full 4):
 PSYoungGen      total 622080K, used 0K [0x000000076c600000, 0x0000000794800000, 0x00000007c0000000)
  eden space 590848K, 0% used [0x000000076c600000,0x000000076c600000,0x0000000790700000)
  from space 31232K, 0% used [0x0000000792800000,0x0000000792800000,0x0000000794680000)
  to   space 33280K, 0% used [0x0000000790700000,0x0000000790700000,0x0000000792780000)
 ParOldGen       total 323584K, used 75220K [0x00000006c5200000, 0x00000006d8e00000, 0x000000076c600000)
  object space 323584K, 23% used [0x00000006c5200000,0x00000006c9b75168,0x00000006d8e00000)
 Metaspace       used 95007K, capacity 98291K, committed 98600K, reserved 1136640K
  class space    used 10830K, capacity 11418K, committed 11432K, reserved 1048576K
}
Event: 198.705 GC heap before
{Heap before GC invocations=23 (full 4):
 PSYoungGen      total 622080K, used 590848K [0x000000076c600000, 0x0000000794800000, 0x00000007c0000000)
  eden space 590848K, 100% used [0x000000076c600000,0x0000000790700000,0x0000000790700000)
  from space 31232K, 0% used [0x0000000792800000,0x0000000792800000,0x0000000794680000)
  to   space 33280K, 0% used [0x0000000790700000,0x0000000790700000,0x0000000792780000)
 ParOldGen       total 323584K, used 75220K [0x00000006c5200000, 0x00000006d8e00000, 0x000000076c600000)
  object space 323584K, 23% used [0x00000006c5200000,0x00000006c9b75168,0x00000006d8e00000)
 Metaspace       used 104142K, capacity 107861K, committed 107928K, reserved 1144832K
  class space    used 11732K, capacity 12422K, committed 12456K, reserved 1048576K
Event: 198.825 GC heap after
Heap after GC invocations=23 (full 4):
 PSYoungGen      total 624128K, used 25978K [0x000000076c600000, 0x0000000799a00000, 0x00000007c0000000)
  eden space 590848K, 0% used [0x000000076c600000,0x000000076c600000,0x0000000790700000)
  from space 33280K, 78% used [0x0000000790700000,0x000000079205eb50,0x0000000792780000)
  to   space 35840K, 0% used [0x0000000797700000,0x0000000797700000,0x0000000799a00000)
 ParOldGen       total 323584K, used 75228K [0x00000006c5200000, 0x00000006d8e00000, 0x000000076c600000)
  object space 323584K, 23% used [0x00000006c5200000,0x00000006c9b77168,0x00000006d8e00000)
 Metaspace       used 104142K, capacity 107861K, committed 107928K, reserved 1144832K
  class space    used 11732K, capacity 12422K, committed 12456K, reserved 1048576K
}

