# JRE version: Java(TM) SE Runtime Environment (8.0_191-b12) (build 1.8.0_191-b12)
# Java VM: Java HotSpot(TM) 64-Bit Server VM (25.191-b12 mixed mode windows-amd64 compressed oops)
Heap:
 PSYoungGen      total 115712K, used 37434K [0x000000076c600000, 0x0000000776280000, 0x00000007c0000000)
  eden space 84992K, 10% used [0x000000076c600000,0x000000076ce7f8f8,0x0000000771900000)
  from space 30720K, 93% used [0x0000000773a00000,0x000000077560efa0,0x0000000775800000)
  to   space 33792K, 0% used [0x0000000771900000,0x0000000771900000,0x0000000773a00000)
 ParOldGen       total 147456K, used 37548K [0x00000006c5200000, 0x00000006ce200000, 0x000000076c600000)
  object space 147456K, 25% used [0x00000006c5200000,0x00000006c76ab0e8,0x00000006ce200000)
 Metaspace       used 25107K, capacity 25726K, committed 26112K, reserved 1073152K
  class space    used 2818K, capacity 2988K, committed 3072K, reserved 1048576K
GC Heap History (10 events):
Event: 11.354 GC heap before
{Heap before GC invocations=7 (full 1):
 PSYoungGen      total 78848K, used 13143K [0x000000076c600000, 0x0000000772800000, 0x00000007c0000000)
  eden space 61440K, 0% used [0x000000076c600000,0x000000076c600000,0x0000000770200000)
  from space 17408K, 75% used [0x0000000771700000,0x00000007723d5c30,0x0000000772800000)
  to   space 19456K, 0% used [0x0000000770200000,0x0000000770200000,0x0000000771500000)
 ParOldGen       total 172032K, used 19902K [0x00000006c5200000, 0x00000006cfa00000, 0x000000076c600000)
  object space 172032K, 11% used [0x00000006c5200000,0x00000006c656fba0,0x00000006cfa00000)
 Metaspace       used 20795K, capacity 21222K, committed 21248K, reserved 1069056K
  class space    used 2430K, capacity 2555K, committed 2560K, reserved 1048576K
Event: 11.612 GC heap after
Heap after GC invocations=7 (full 1):
 PSYoungGen      total 78848K, used 0K [0x000000076c600000, 0x0000000772800000, 0x00000007c0000000)
  eden space 61440K, 0% used [0x000000076c600000,0x000000076c600000,0x0000000770200000)
  from space 17408K, 0% used [0x0000000771700000,0x0000000771700000,0x0000000772800000)
  to   space 19456K, 0% used [0x0000000770200000,0x0000000770200000,0x0000000771500000)
 ParOldGen       total 147456K, used 27851K [0x00000006c5200000, 0x00000006ce200000, 0x000000076c600000)
  object space 147456K, 18% used [0x00000006c5200000,0x00000006c6d32d18,0x00000006ce200000)
 Metaspace       used 20795K, capacity 21222K, committed 21248K, reserved 1069056K
  class space    used 2430K, capacity 2555K, committed 2560K, reserved 1048576K
}
Event: 13.625 GC heap before
{Heap before GC invocations=8 (full 1):
 PSYoungGen      total 78848K, used 61440K [0x000000076c600000, 0x0000000772800000, 0x00000007c0000000)
  eden space 61440K, 100% used [0x000000076c600000,0x0000000770200000,0x0000000770200000)
  from space 17408K, 0% used [0x0000000771700000,0x0000000771700000,0x0000000772800000)
  to   space 19456K, 0% used [0x0000000770200000,0x0000000770200000,0x0000000771500000)
 ParOldGen       total 147456K, used 27851K [0x00000006c5200000, 0x00000006ce200000, 0x000000076c600000)
  object space 147456K, 18% used [0x00000006c5200000,0x00000006c6d32d18,0x00000006ce200000)
 Metaspace       used 22379K, capacity 22854K, committed 23040K, reserved 1069056K
  class space    used 2588K, capacity 2715K, committed 2816K, reserved 1048576K
Event: 13.633 GC heap after
Heap after GC invocations=8 (full 1):
 PSYoungGen      total 80896K, used 5959K [0x000000076c600000, 0x0000000773b00000, 0x00000007c0000000)
  eden space 61440K, 0% used [0x000000076c600000,0x000000076c600000,0x0000000770200000)
  from space 19456K, 30% used [0x0000000770200000,0x00000007707d1d18,0x0000000771500000)
  to   space 20992K, 0% used [0x0000000772680000,0x0000000772680000,0x0000000773b00000)
 ParOldGen       total 147456K, used 27859K [0x00000006c5200000, 0x00000006ce200000, 0x000000076c600000)
  object space 147456K, 18% used [0x00000006c5200000,0x00000006c6d34d18,0x00000006ce200000)
 Metaspace       used 22379K, capacity 22854K, committed 23040K, reserved 1069056K
  class space    used 2588K, capacity 2715K, committed 2816K, reserved 1048576K
}
Event: 15.299 GC heap before
{Heap before GC invocations=9 (full 1):
 PSYoungGen      total 80896K, used 67399K [0x000000076c600000, 0x0000000773b00000, 0x00000007c0000000)
  eden space 61440K, 100% used [0x000000076c600000,0x0000000770200000,0x0000000770200000)
  from space 19456K, 30% used [0x0000000770200000,0x00000007707d1d18,0x0000000771500000)
  to   space 20992K, 0% used [0x0000000772680000,0x0000000772680000,0x0000000773b00000)
 ParOldGen       total 147456K, used 27859K [0x00000006c5200000, 0x00000006ce200000, 0x000000076c600000)
  object space 147456K, 18% used [0x00000006c5200000,0x00000006c6d34d18,0x00000006ce200000)
 Metaspace       used 22749K, capacity 23238K, committed 23552K, reserved 1071104K
  class space    used 2607K, capacity 2715K, committed 2816K, reserved 1048576K
Event: 15.376 GC heap after
Heap after GC invocations=9 (full 1):
 PSYoungGen      total 92160K, used 20972K [0x000000076c600000, 0x0000000775200000, 0x00000007c0000000)
  eden space 71168K, 0% used [0x000000076c600000,0x000000076c600000,0x0000000770b80000)
  from space 20992K, 99% used [0x0000000772680000,0x0000000773afb288,0x0000000773b00000)
  to   space 27648K, 0% used [0x0000000770b80000,0x0000000770b80000,0x0000000772680000)
 ParOldGen       total 147456K, used 37540K [0x00000006c5200000, 0x00000006ce200000, 0x000000076c600000)
  object space 147456K, 25% used [0x00000006c5200000,0x00000006c76a90e8,0x00000006ce200000)
 Metaspace       used 22749K, capacity 23238K, committed 23552K, reserved 1071104K
  class space    used 2607K, capacity 2715K, committed 2816K, reserved 1048576K
}
Event: 21.053 GC heap before
{Heap before GC invocations=10 (full 1):
 PSYoungGen      total 92160K, used 92140K [0x000000076c600000, 0x0000000775200000, 0x00000007c0000000)
  eden space 71168K, 100% used [0x000000076c600000,0x0000000770b80000,0x0000000770b80000)
  from space 20992K, 99% used [0x0000000772680000,0x0000000773afb288,0x0000000773b00000)
  to   space 27648K, 0% used [0x0000000770b80000,0x0000000770b80000,0x0000000772680000)
 ParOldGen       total 147456K, used 37540K [0x00000006c5200000, 0x00000006ce200000, 0x000000076c600000)
  object space 147456K, 25% used [0x00000006c5200000,0x00000006c76a90e8,0x00000006ce200000)
 Metaspace       used 23890K, capacity 24396K, committed 24704K, reserved 1071104K
  class space    used 2671K, capacity 2825K, committed 2944K, reserved 1048576K
Event: 21.081 GC heap after
Heap after GC invocations=10 (full 1):
 PSYoungGen      total 98816K, used 26946K [0x000000076c600000, 0x0000000775800000, 0x00000007c0000000)
  eden space 71168K, 0% used [0x000000076c600000,0x000000076c600000,0x0000000770b80000)
  from space 27648K, 97% used [0x0000000770b80000,0x00000007725d0918,0x0000000772680000)
  to   space 30720K, 0% used [0x0000000773a00000,0x0000000773a00000,0x0000000775800000)
 ParOldGen       total 147456K, used 37548K [0x00000006c5200000, 0x00000006ce200000, 0x000000076c600000)
  object space 147456K, 25% used [0x00000006c5200000,0x00000006c76ab0e8,0x00000006ce200000)
 Metaspace       used 23890K, capacity 24396K, committed 24704K, reserved 1071104K
  class space    used 2671K, capacity 2825K, committed 2944K, reserved 1048576K
}
Event: 23.664 GC heap before
{Heap before GC invocations=11 (full 1):
 PSYoungGen      total 98816K, used 98114K [0x000000076c600000, 0x0000000775800000, 0x00000007c0000000)
  eden space 71168K, 100% used [0x000000076c600000,0x0000000770b80000,0x0000000770b80000)
  from space 27648K, 97% used [0x0000000770b80000,0x00000007725d0918,0x0000000772680000)
  to   space 30720K, 0% used [0x0000000773a00000,0x0000000773a00000,0x0000000775800000)
 ParOldGen       total 147456K, used 37548K [0x00000006c5200000, 0x00000006ce200000, 0x000000076c600000)
  object space 147456K, 25% used [0x00000006c5200000,0x00000006c76ab0e8,0x00000006ce200000)
 Metaspace       used 25098K, capacity 25726K, committed 26112K, reserved 1073152K
  class space    used 2818K, capacity 2988K, committed 3072K, reserved 1048576K
Event: 23.784 GC heap after
Heap after GC invocations=11 (full 1):
 PSYoungGen      total 115712K, used 28731K [0x000000076c600000, 0x0000000776280000, 0x00000007c0000000)
  eden space 84992K, 0% used [0x000000076c600000,0x000000076c600000,0x0000000771900000)
  from space 30720K, 93% used [0x0000000773a00000,0x000000077560efa0,0x0000000775800000)
  to   space 33792K, 0% used [0x0000000771900000,0x0000000771900000,0x0000000773a00000)
 ParOldGen       total 147456K, used 37548K [0x00000006c5200000, 0x00000006ce200000, 0x000000076c600000)
  object space 147456K, 25% used [0x00000006c5200000,0x00000006c76ab0e8,0x00000006ce200000)
 Metaspace       used 25098K, capacity 25726K, committed 26112K, reserved 1073152K
  class space    used 2818K, capacity 2988K, committed 3072K, reserved 1048576K
}

